<?xml version="1.0" encoding="UTF-8"?>
<testng-results ignored="0" total="3" passed="3" failed="0" skipped="0">
  <reporter-output>
  </reporter-output>
  <suite started-at="2025-03-27T10:00:31Z" name="Default suite" finished-at="2025-03-27T10:00:57Z" duration-ms="26079">
    <groups>
      <group name="regressionTest">
        <method signature="ManageAreaCategoryUnitTest.ManagECategoryTest()[pri:0, instance:scmSCM.admin.ManageAreaCategoryUnitTest@4bdeaabb]" name="ManagECategoryTest" class="scmSCM.admin.ManageAreaCategoryUnitTest"/>
      </group> <!-- regressionTest -->
      <group name="smokeTest">
        <method signature="ManageAreaCategoryUnitTest.ManagEUnitTest()[pri:0, instance:scmSCM.admin.ManageAreaCategoryUnitTest@4bdeaabb]" name="ManagEUnitTest" class="scmSCM.admin.ManageAreaCategoryUnitTest"/>
        <method signature="ManageAreaCategoryUnitTest.ManageareaTest()[pri:0, instance:scmSCM.admin.ManageAreaCategoryUnitTest@4bdeaabb]" name="ManageareaTest" class="scmSCM.admin.ManageAreaCategoryUnitTest"/>
      </group> <!-- smokeTest -->
    </groups>
    <test started-at="2025-03-27T10:00:31Z" name="Default test" finished-at="2025-03-27T10:00:57Z" duration-ms="26079">
      <class name="scmSCM.admin.ManageAreaCategoryUnitTest">
        <test-method is-config="true" signature="configBS()[pri:0, instance:scmSCM.admin.ManageAreaCategoryUnitTest@4bdeaabb]" started-at="2025-03-27T10:00:31Z" name="configBS" finished-at="2025-03-27T10:00:31Z" duration-ms="213" status="PASS">
          <reporter-output>
          </reporter-output>
        </test-method> <!-- configBS -->
        <test-method is-config="true" signature="configBC(java.lang.String)[pri:0, instance:scmSCM.admin.ManageAreaCategoryUnitTest@4bdeaabb]" started-at="2025-03-27T10:00:31Z" name="configBC" finished-at="2025-03-27T10:00:38Z" duration-ms="6207" status="PASS">
          <params>
            <param index="0">
              <value>
                <![CDATA[chrome]]>
              </value>
            </param>
          </params>
          <reporter-output>
          </reporter-output>
        </test-method> <!-- configBC -->
        <test-method is-config="true" signature="configBM()[pri:0, instance:scmSCM.admin.ManageAreaCategoryUnitTest@4bdeaabb]" started-at="2025-03-27T10:00:38Z" name="configBM" finished-at="2025-03-27T10:00:39Z" duration-ms="1002" status="PASS">
          <reporter-output>
          </reporter-output>
        </test-method> <!-- configBM -->
        <test-method signature="ManagECategoryTest()[pri:0, instance:scmSCM.admin.ManageAreaCategoryUnitTest@4bdeaabb]" started-at="2025-03-27T10:00:39Z" name="ManagECategoryTest" finished-at="2025-03-27T10:00:44Z" duration-ms="5691" status="PASS">
          <reporter-output>
          </reporter-output>
        </test-method> <!-- ManagECategoryTest -->
        <test-method is-config="true" signature="configAM()[pri:0, instance:scmSCM.admin.ManageAreaCategoryUnitTest@4bdeaabb]" started-at="2025-03-27T10:00:44Z" name="configAM" finished-at="2025-03-27T10:00:44Z" duration-ms="4" status="PASS">
          <reporter-output>
          </reporter-output>
        </test-method> <!-- configAM -->
        <test-method is-config="true" signature="configBM()[pri:0, instance:scmSCM.admin.ManageAreaCategoryUnitTest@4bdeaabb]" started-at="2025-03-27T10:00:44Z" name="configBM" finished-at="2025-03-27T10:00:45Z" duration-ms="549" status="PASS">
          <reporter-output>
          </reporter-output>
        </test-method> <!-- configBM -->
        <test-method signature="ManagEUnitTest()[pri:0, instance:scmSCM.admin.ManageAreaCategoryUnitTest@4bdeaabb]" started-at="2025-03-27T10:00:45Z" name="ManagEUnitTest" finished-at="2025-03-27T10:00:50Z" duration-ms="5174" status="PASS">
          <reporter-output>
          </reporter-output>
        </test-method> <!-- ManagEUnitTest -->
        <test-method is-config="true" signature="configAM()[pri:0, instance:scmSCM.admin.ManageAreaCategoryUnitTest@4bdeaabb]" started-at="2025-03-27T10:00:50Z" name="configAM" finished-at="2025-03-27T10:00:50Z" duration-ms="0" status="PASS">
          <reporter-output>
          </reporter-output>
        </test-method> <!-- configAM -->
        <test-method is-config="true" signature="configBM()[pri:0, instance:scmSCM.admin.ManageAreaCategoryUnitTest@4bdeaabb]" started-at="2025-03-27T10:00:50Z" name="configBM" finished-at="2025-03-27T10:00:51Z" duration-ms="1209" status="PASS">
          <reporter-output>
          </reporter-output>
        </test-method> <!-- configBM -->
        <test-method signature="ManageareaTest()[pri:0, instance:scmSCM.admin.ManageAreaCategoryUnitTest@4bdeaabb]" started-at="2025-03-27T10:00:51Z" name="ManageareaTest" finished-at="2025-03-27T10:00:57Z" duration-ms="5426" status="PASS">
          <reporter-output>
          </reporter-output>
        </test-method> <!-- ManageareaTest -->
        <test-method is-config="true" signature="configAM()[pri:0, instance:scmSCM.admin.ManageAreaCategoryUnitTest@4bdeaabb]" started-at="2025-03-27T10:00:57Z" name="configAM" finished-at="2025-03-27T10:00:57Z" duration-ms="2" status="PASS">
          <reporter-output>
          </reporter-output>
        </test-method> <!-- configAM -->
        <test-method is-config="true" signature="configAC()[pri:0, instance:scmSCM.admin.ManageAreaCategoryUnitTest@4bdeaabb]" started-at="2025-03-27T10:00:57Z" name="configAC" finished-at="2025-03-27T10:00:57Z" duration-ms="727" status="PASS">
          <reporter-output>
          </reporter-output>
        </test-method> <!-- configAC -->
        <test-method is-config="true" signature="configAS()[pri:0, instance:scmSCM.admin.ManageAreaCategoryUnitTest@4bdeaabb]" started-at="2025-03-27T10:00:58Z" name="configAS" finished-at="2025-03-27T10:00:58Z" duration-ms="0" status="PASS">
          <reporter-output>
          </reporter-output>
        </test-method> <!-- configAS -->
      </class> <!-- scmSCM.admin.ManageAreaCategoryUnitTest -->
    </test> <!-- Default test -->
  </suite> <!-- Default suite -->
</testng-results>
