<?xml version="1.0" encoding="UTF-8"?>
<testng-results ignored="1" total="2" passed="1" failed="0" skipped="0">
  <reporter-output>
  </reporter-output>
  <suite started-at="2025-03-27T07:26:35Z" name="Suite" finished-at="2025-03-27T07:26:48Z" duration-ms="12404">
    <groups>
      <group name="smokeTest">
        <method signature="AddProductManageStockTest.AdDProductTest()[pri:0, instance:scmSCM.Manufacturer.AddProductManageStockTest@4e5ed836]" name="AdDProductTest" class="scmSCM.Manufacturer.AddProductManageStockTest"/>
      </group> <!-- smokeTest -->
    </groups>
    <test started-at="2025-03-27T07:26:35Z" name="Test" finished-at="2025-03-27T07:26:48Z" duration-ms="12404">
      <class name="scmSCM.Manufacturer.AddProductManageStockTest">
        <test-method is-config="true" signature="configBS()[pri:0, instance:scmSCM.Manufacturer.AddProductManageStockTest@4e5ed836]" started-at="2025-03-27T07:26:35Z" name="configBS" finished-at="2025-03-27T07:26:35Z" duration-ms="80" status="PASS">
          <reporter-output>
          </reporter-output>
        </test-method> <!-- configBS -->
        <test-method is-config="true" signature="configBC(java.lang.String)[pri:0, instance:scmSCM.Manufacturer.AddProductManageStockTest@4e5ed836]" started-at="2025-03-27T07:26:35Z" name="configBC" finished-at="2025-03-27T07:26:40Z" duration-ms="4764" status="PASS">
          <params>
            <param index="0">
              <value>
                <![CDATA[chrome]]>
              </value>
            </param>
          </params>
          <reporter-output>
          </reporter-output>
        </test-method> <!-- configBC -->
        <test-method is-config="true" signature="configBM()[pri:0, instance:scmSCM.Manufacturer.AddProductManageStockTest@4e5ed836]" started-at="2025-03-27T07:26:40Z" name="configBM" finished-at="2025-03-27T07:26:41Z" duration-ms="1126" status="PASS">
          <reporter-output>
          </reporter-output>
        </test-method> <!-- configBM -->
        <test-method signature="AdDProductTest()[pri:0, instance:scmSCM.Manufacturer.AddProductManageStockTest@4e5ed836]" started-at="2025-03-27T07:26:41Z" name="AdDProductTest" finished-at="2025-03-27T07:26:47Z" duration-ms="5555" status="PASS">
          <reporter-output>
          </reporter-output>
        </test-method> <!-- AdDProductTest -->
        <test-method is-config="true" signature="configAM()[pri:0, instance:scmSCM.Manufacturer.AddProductManageStockTest@4e5ed836]" started-at="2025-03-27T07:26:47Z" name="configAM" finished-at="2025-03-27T07:26:47Z" duration-ms="4" status="PASS">
          <reporter-output>
          </reporter-output>
        </test-method> <!-- configAM -->
        <test-method is-config="true" signature="configAC()[pri:0, instance:scmSCM.Manufacturer.AddProductManageStockTest@4e5ed836]" started-at="2025-03-27T07:26:47Z" name="configAC" finished-at="2025-03-27T07:26:48Z" duration-ms="879" status="PASS">
          <reporter-output>
          </reporter-output>
        </test-method> <!-- configAC -->
        <test-method is-config="true" signature="configAS()[pri:0, instance:scmSCM.Manufacturer.AddProductManageStockTest@4e5ed836]" started-at="2025-03-27T07:26:48Z" name="configAS" finished-at="2025-03-27T07:26:48Z" duration-ms="0" status="PASS">
          <reporter-output>
          </reporter-output>
        </test-method> <!-- configAS -->
      </class> <!-- scmSCM.Manufacturer.AddProductManageStockTest -->
    </test> <!-- Test -->
  </suite> <!-- Suite -->
</testng-results>
