<?xml version="1.0" encoding="UTF-8"?>
<!-- Generated by org.testng.reporters.JUnitXMLReporter -->
<testsuite ignored="1" hostname="HP" failures="0" tests="1" name="Test" time="12.404" errors="0" timestamp="27 Mar 2025 07:26:48 GMT">
  <testcase classname="scmSCM.Manufacturer.AddProductManageStockTest" name="AdDProductTest" time="5.555"/>
  <testcase classname="scmSCM.Manufacturer.AddProductManageStockTest" name="ManagEStockTest" time="0.0">
    <ignored/>
  </testcase> <!-- ManagEStockTest -->
</testsuite> <!-- Test -->
